#
# There is insufficient memory for the Java Runtime Environment to continue.
# Native memory allocation (mmap) failed to map 201326592 bytes for Failed to commit area from 0x0000000740c00000 to 0x000000074cc00000 of length 201326592.
# Possible reasons:
#   The system is out of physical RAM or swap space
#   The process is running with CompressedOops enabled, and the Java Heap may be blocking the growth of the native heap
# Possible solutions:
#   Reduce memory load on the system
#   Increase physical memory or swap space
#   Check if swap backing store is full
#   Decrease Java heap size (-Xmx/-Xms)
#   Decrease number of Java threads
#   Decrease Java thread stack sizes (-Xss)
#   Set larger code cache with -XX:ReservedCodeCacheSize=
# This output file may be truncated or incomplete.
#
#  Out of Memory Error (t:/workspace/open/src/hotspot/os/windows/os_windows.cpp:3301), pid=13268, tid=14632
#
# JRE version:  (13.0.2+8) (build )
# Java VM: Java HotSpot(TM) 64-Bit Server VM (13.0.2+8, mixed mode, aot, sharing, tiered, compressed oops, g1 gc, windows-amd64)
# No core dump will be written. Minidumps are not enabled by default on client versions of Windows
#

---------------  S U M M A R Y ------------

Command Line: org.jetbrains.kotlin.cli.jvm.K2JVMCompiler @C:\Users\hp\AndroidStudioProjects\Finfixx\app\build\20210701_2502549409390593463.compiler.options

Host: Intel(R) Core(TM) i7-2670QM CPU @ 2.20GHz, 8 cores, 11G,  Windows 7 , 64 bit Build 7601 (6.1.7601.24384)
Time: Thu Jul  1 11:18:28 2021 Iineianeia a?aiy (ceia) elapsed time: 0 seconds (0d 0h 0m 0s)

---------------  T H R E A D  ---------------

Current thread (0x000000000035e000):  JavaThread "Unknown thread" [_thread_in_vm, id=14632, stack(0x0000000002150000,0x0000000002250000)]

Stack: [0x0000000002150000,0x0000000002250000]
Native frames: (J=compiled Java code, j=interpreted, Vv=VM code, C=native code)
V  [jvm.dll+0x624f9a]
V  [jvm.dll+0x770cfa]
V  [jvm.dll+0x7724af]
V  [jvm.dll+0x772ab3]
V  [jvm.dll+0x24bf08]
V  [jvm.dll+0x6222aa]
V  [jvm.dll+0x6170b5]
V  [jvm.dll+0x30a88c]
V  [jvm.dll+0x30a6c2]
V  [jvm.dll+0x30fe36]
V  [jvm.dll+0x353f46]
V  [jvm.dll+0x353720]
V  [jvm.dll+0x2e550a]
V  [jvm.dll+0x2e67a2]
V  [jvm.dll+0x74dd78]
V  [jvm.dll+0x361989]
V  [jvm.dll+0x730e65]
V  [jvm.dll+0x3cc53f]
V  [jvm.dll+0x3ce861]
C  [jli.dll+0x51ff]
C  [ucrtbase.DLL+0x203ba]
C  [kernel32.dll+0x1570d]
C  [ntdll.dll+0x5385d]


---------------  P R O C E S S  ---------------

Threads class SMR info:
_java_thread_list=0x000007fecf2bccb8, length=0, elements={
}

Java Threads: ( => current thread )

Other Threads:
  0x00000000003af800 GCTaskThread "GC Thread#0" [stack: 0x0000000021cb0000,0x0000000021db0000] [id=14172]
  0x0000000021a62000 ConcurrentGCThread "G1 Main Marker" [stack: 0x0000000021dd0000,0x0000000021ed0000] [id=10652]
  0x0000000021a64000 ConcurrentGCThread "G1 Conc#0" [stack: 0x0000000021b90000,0x0000000021c90000] [id=3640]

[error occurred during error reporting (printing all threads), id 0xc0000005, EXCEPTION_ACCESS_VIOLATION (0xc0000005) at pc=0x000007feceaf51d7]

VM state:not at safepoint (not fully initialized)

VM Mutex/Monitor currently owned by a thread:  ([mutex/lock_event])
[0x000000000035a4a0] Heap_lock - owner thread: 0x000000000035e000

Heap address: 0x0000000740c00000, size: 3060 MB, Compressed Oops mode: Non-zero based: 0x0000000740c00000
Narrow klass base: 0x0000000000000000, Narrow klass shift: 0

GC Heap History (0 events):
No events

Deoptimization events (0 events):
No events

Classes unloaded (0 events):
No events

Classes redefined (0 events):
No events

Internal exceptions (0 events):
No events

Events (8 events):
Event: 0.008 Loaded shared library C:\Program Files\Java\jdk-13.0.2\bin\zip.dll
Event: 0.009 Loaded shared library C:\Program Files\Java\jdk-13.0.2\bin\jimage.dll
Event: 0.010 Loading shared library C:\Program Files\Java\jdk-13.0.2\lib\libjava.base-coop.dll failed, error code 126
Event: 0.010 Loading shared library C:\Program Files\Java\jdk-13.0.2\lib\libjava.logging-coop.dll failed, error code 126
Event: 0.010 Loading shared library C:\Program Files\Java\jdk-13.0.2\lib\libjdk.compiler-coop.dll failed, error code 126
Event: 0.010 Loading shared library C:\Program Files\Java\jdk-13.0.2\lib\libjdk.scripting.nashorn-coop.dll failed, error code 126
Event: 0.010 Loading shared library C:\Program Files\Java\jdk-13.0.2\lib\libjdk.internal.vm.ci-coop.dll failed, error code 126
Event: 0.010 Loading shared library C:\Program Files\Java\jdk-13.0.2\lib\libjdk.internal.vm.compiler-coop.dll failed, error code 126


Dynamic libraries:
0x000000013fe20000 - 0x000000013fe2f000 	C:\Program Files\Java\jdk-13.0.2\bin\java.exe
0x0000000077600000 - 0x000000007779f000 	C:\Windows\SYSTEM32\ntdll.dll
0x00000000773e0000 - 0x00000000774ff000 	C:\Windows\system32\kernel32.dll
0x000007fefd6d0000 - 0x000007fefd73a000 	C:\Windows\system32\KERNELBASE.dll
0x000007fefa730000 - 0x000007fefa748000 	C:\Program Files\Java\jdk-13.0.2\bin\jli.dll
0x000007feff070000 - 0x000007feff14b000 	C:\Windows\system32\ADVAPI32.dll
0x000007fefebe0000 - 0x000007fefec7f000 	C:\Windows\system32\msvcrt.dll
0x000007fefebc0000 - 0x000007fefebdf000 	C:\Windows\SYSTEM32\sechost.dll
0x000007feff150000 - 0x000007feff27c000 	C:\Windows\system32\RPCRT4.dll
0x000007fefbce0000 - 0x000007fefbed4000 	C:\Windows\WinSxS\amd64_microsoft.windows.common-controls_6595b64144ccf1df_6.0.7601.18837_none_fa3b1e3d17594757\COMCTL32.dll
0x000007fefda00000 - 0x000007fefda67000 	C:\Windows\system32\GDI32.dll
0x0000000077500000 - 0x00000000775fa000 	C:\Windows\system32\USER32.dll
0x000007feff060000 - 0x000007feff06e000 	C:\Windows\system32\LPK.dll
0x000007fefee30000 - 0x000007fefeef9000 	C:\Windows\system32\USP10.dll
0x000007fefefa0000 - 0x000007feff011000 	C:\Windows\system32\SHLWAPI.dll
0x000007fefcbd0000 - 0x000007fefcbdc000 	C:\Windows\system32\VERSION.dll
0x000007fef9530000 - 0x000007fef9545000 	C:\Program Files\Java\jdk-13.0.2\bin\VCRUNTIME140.dll
0x000007fef9510000 - 0x000007fef9514000 	C:\Program Files\Java\jdk-13.0.2\bin\api-ms-win-crt-runtime-l1-1-0.dll
0x000007fedbab0000 - 0x000007fedbbac000 	C:\Program Files\Java\jdk-13.0.2\bin\ucrtbase.DLL
0x000007fef9e50000 - 0x000007fef9e53000 	C:\Program Files\Java\jdk-13.0.2\bin\api-ms-win-core-localization-l1-2-0.dll
0x000007fef9500000 - 0x000007fef9503000 	C:\Program Files\Java\jdk-13.0.2\bin\api-ms-win-core-processthreads-l1-1-1.dll
0x000007fee8080000 - 0x000007fee8083000 	C:\Program Files\Java\jdk-13.0.2\bin\api-ms-win-core-file-l1-2-0.dll
0x000007fee7c80000 - 0x000007fee7c83000 	C:\Program Files\Java\jdk-13.0.2\bin\api-ms-win-core-timezone-l1-1-0.dll
0x000007fee7d30000 - 0x000007fee7d33000 	C:\Program Files\Java\jdk-13.0.2\bin\api-ms-win-core-file-l2-1-0.dll
0x000007fee7bd0000 - 0x000007fee7bd3000 	C:\Program Files\Java\jdk-13.0.2\bin\api-ms-win-core-synch-l1-2-0.dll
0x000007fee7bc0000 - 0x000007fee7bc3000 	C:\Program Files\Java\jdk-13.0.2\bin\api-ms-win-crt-heap-l1-1-0.dll
0x000007fee7bb0000 - 0x000007fee7bb4000 	C:\Program Files\Java\jdk-13.0.2\bin\api-ms-win-crt-string-l1-1-0.dll
0x000007fee7b80000 - 0x000007fee7b84000 	C:\Program Files\Java\jdk-13.0.2\bin\api-ms-win-crt-stdio-l1-1-0.dll
0x000007fee3cb0000 - 0x000007fee3cb4000 	C:\Program Files\Java\jdk-13.0.2\bin\api-ms-win-crt-convert-l1-1-0.dll
0x000007fee3ca0000 - 0x000007fee3ca3000 	C:\Program Files\Java\jdk-13.0.2\bin\api-ms-win-crt-environment-l1-1-0.dll
0x000007fee3c50000 - 0x000007fee3c53000 	C:\Program Files\Java\jdk-13.0.2\bin\api-ms-win-crt-filesystem-l1-1-0.dll
0x000007fee3c40000 - 0x000007fee3c45000 	C:\Program Files\Java\jdk-13.0.2\bin\api-ms-win-crt-math-l1-1-0.dll
0x000007fee3c30000 - 0x000007fee3c33000 	C:\Program Files\Java\jdk-13.0.2\bin\api-ms-win-crt-locale-l1-1-0.dll
0x000007feff020000 - 0x000007feff04e000 	C:\Windows\system32\IMM32.DLL
0x000007fefea60000 - 0x000007fefeb69000 	C:\Windows\system32\MSCTF.dll
0x000007fede3d0000 - 0x000007fede46b000 	C:\Program Files\Java\jdk-13.0.2\bin\msvcp140.dll
0x000007fee3490000 - 0x000007fee3493000 	C:\Program Files\Java\jdk-13.0.2\bin\api-ms-win-crt-time-l1-1-0.dll
0x000007fee3470000 - 0x000007fee3473000 	C:\Program Files\Java\jdk-13.0.2\bin\api-ms-win-crt-utility-l1-1-0.dll
0x000007fece800000 - 0x000007fecf35d000 	C:\Program Files\Java\jdk-13.0.2\bin\server\jvm.dll
0x000007fefa080000 - 0x000007fefa089000 	C:\Windows\system32\WSOCK32.dll
0x000007fefeb70000 - 0x000007fefebbd000 	C:\Windows\system32\WS2_32.dll
0x000007feff050000 - 0x000007feff058000 	C:\Windows\system32\NSI.dll
0x000007fefb0e0000 - 0x000007fefb11b000 	C:\Windows\system32\WINMM.dll
0x00000000777a0000 - 0x00000000777a7000 	C:\Windows\system32\PSAPI.DLL
0x000007fee3460000 - 0x000007fee3470000 	C:\Program Files\Java\jdk-13.0.2\bin\verify.dll
0x000007fef5850000 - 0x000007fef5975000 	C:\Windows\system32\DBGHELP.DLL
0x000007fee12e0000 - 0x000007fee1306000 	C:\Program Files\Java\jdk-13.0.2\bin\java.dll
0x000007fee12c0000 - 0x000007fee12d7000 	C:\Program Files\Java\jdk-13.0.2\bin\zip.dll
0x000007fee12b0000 - 0x000007fee12ba000 	C:\Program Files\Java\jdk-13.0.2\bin\jimage.dll

dbghelp: loaded successfully - version: 4.0.5 - missing functions: none
symbol engine: initialized successfully - sym options: 0x614 - pdb path: .;C:\Program Files\Java\jdk-13.0.2\bin;C:\Windows\SYSTEM32;C:\Windows\WinSxS\amd64_microsoft.windows.common-controls_6595b64144ccf1df_6.0.7601.18837_none_fa3b1e3d17594757;C:\Program Files\Java\jdk-13.0.2\bin\server

VM Arguments:
java_command: org.jetbrains.kotlin.cli.jvm.K2JVMCompiler @C:\Users\hp\AndroidStudioProjects\Finfixx\app\build\20210701_2502549409390593463.compiler.options
java_class_path (initial): C:\Users\hp\.gradle\caches\modules-2\files-2.1\org.jetbrains.kotlin\kotlin-compiler-embeddable\1.5.0\6e53e0ca3cf7eff1a4df71171c8f9604b983e1d6\kotlin-compiler-embeddable-1.5.0.jar;C:\Users\hp\.gradle\caches\modules-2\files-2.1\org.jetbrains.kotlin\kotlin-reflect\1.5.0\47806fe8ed30dbdf9e697eda5e9c9a3905ff3363\kotlin-reflect-1.5.0.jar;C:\Users\hp\.gradle\caches\modules-2\files-2.1\org.jetbrains.kotlin\kotlin-stdlib\1.5.0\29dae2501ca094416d15af0e21470cb634780444\kotlin-stdlib-1.5.0.jar;C:\Users\hp\.gradle\caches\modules-2\files-2.1\org.jetbrains.kotlin\kotlin-script-runtime\1.5.0\a2d66828077376fc1851a6fdbf25865935f4101d\kotlin-script-runtime-1.5.0.jar;C:\Users\hp\.gradle\caches\modules-2\files-2.1\org.jetbrains.kotlin\kotlin-daemon-embeddable\1.5.0\7f3567acfef59ff865a99a584d814bde87226dd5\kotlin-daemon-embeddable-1.5.0.jar;C:\Users\hp\.gradle\caches\modules-2\files-2.1\org.jetbrains.intellij.deps\trove4j\1.0.20181211\216c2e14b070f334479d800987affe4054cd563f\trove4j-1.0.20181211.jar;C:\Users\hp\.gradle\caches\modules-2\files-2.1\org.jetbrains\annotations\13.0\919f0dfe192fb4e063e7dacadee7f8bb9a2672a9\annotations-13.0.jar;C:\Users\hp\.gradle\caches\modules-2\files-2.1\org.jetbrains.kotlin\kotlin-stdlib-common\1.5.0\4080d69efca5e39e9b4972f125e40f1607bd6460\kotlin-stdlib-common-1.5.0.jar
Launcher Type: SUN_STANDARD

[Global flags]
     intx CICompilerCount                          = 4                                         {product} {ergonomic}
     uint ConcGCThreads                            = 2                                         {product} {ergonomic}
     uint G1ConcRefinementThreads                  = 8                                         {product} {ergonomic}
   size_t G1HeapRegionSize                         = 1048576                                   {product} {ergonomic}
    uintx GCDrainStackTargetSize                   = 64                                        {product} {ergonomic}
   size_t InitialHeapSize                          = 201326592                                 {product} {ergonomic}
   size_t MarkStackSize                            = 4194304                                   {product} {ergonomic}
   size_t MaxHeapSize                              = 3208642560                                {product} {ergonomic}
   size_t MinHeapDeltaBytes                        = 1048576                                   {product} {ergonomic}
   size_t MinHeapSize                              = 8388608                                   {product} {ergonomic}
    uintx NonNMethodCodeHeapSize                   = 5839372                                {pd product} {ergonomic}
    uintx NonProfiledCodeHeapSize                  = 122909434                              {pd product} {ergonomic}
    uintx ProfiledCodeHeapSize                     = 122909434                              {pd product} {ergonomic}
    uintx ReservedCodeCacheSize                    = 251658240                              {pd product} {ergonomic}
     bool SegmentedCodeCache                       = true                                      {product} {ergonomic}
   size_t SoftMaxHeapSize                          = 3208642560                             {manageable} {ergonomic}
     bool UseCompressedClassPointers               = true                                 {lp64_product} {ergonomic}
     bool UseCompressedOops                        = true                                 {lp64_product} {ergonomic}
     bool UseG1GC                                  = true                                      {product} {ergonomic}
     bool UseLargePagesIndividualAllocation        = false                                  {pd product} {ergonomic}

Logging:
Log output configuration:
 #0: stdout all=warning uptime,level,tags
 #1: stderr all=off uptime,level,tags

Environment Variables:
JAVA_HOME=C:\Program Files\Java\jdk-13.0.2
PATH=C:\app\hp\product\18.0.0\dbhomeXE\bin;C:\Program Files (x86)\NVIDIA Corporation\PhysX\Common;C:\Program Files (x86)\AMD APP\bin\x86_64;C:\Program Files (x86)\AMD APP\bin\x86;C:\Windows\system32;C:\Windows;C:\Windows\System32\Wbem;C:\Windows\System32\WindowsPowerShell\v1.0\;C:\Program Files (x86)\ATI Technologies\ATI.ACE\Core-Static;C:\Program Files\7-Zip;C:\Program Files\Git\cmd;C:\Program Files\Java\jdk-13.0.2\bin;C:\apache-maven-3.6.3\bin;C:\Program Files (x86)\Windows Kits\8.1\Windows Performance Toolkit\;C:\Program Files\Calibre2\;C:\Program Files\nodejs\;C:\Program Files (x86)\Microsoft SQL Server\150\DTS\Binn\;C:\Program Files\Azure Data Studio\bin;C:\Program Files (x86)\Rational\common;C:\Ruby30-x64\bin;C:\Users\hp\AppData\Local\Programs\Python\Python38\Scripts\;C:\Users\hp\AppData\Local\Programs\Python\Python38\;C:\Program Files\JetBrains\PyCharm Community Edition 2019.3.3\bin;;C:\maven\apache-maven-3.6.3\bin;;C:\Program Files\JetBrains\IntelliJ IDEA 2020.3.2\bin;;B:\WebStorm 2021.1\bin;;C:\Users\hp\AppData\Roaming\npm;C:\Program Files\Azure Data Studio\bin
USERNAME=hp
OS=Windows_NT
PROCESSOR_IDENTIFIER=Intel64 Family 6 Model 42 Stepping 7, GenuineIntel



---------------  S Y S T E M  ---------------

OS: Windows 7 , 64 bit Build 7601 (6.1.7601.24384)

CPU:total 8 (initial active 8) (4 cores per cpu, 2 threads per core) family 6 model 42 stepping 7, cmov, cx8, fxsr, mmx, sse, sse2, sse3, ssse3, sse4.1, sse4.2, popcnt, avx, aes, clmul, ht, tsc, tscinvbit

Memory: 4k page, system-wide physical 12235M (1352M free)
TotalPageFile size 17233M (AvailPageFile size 57M)
current process WorkingSet (physical memory assigned to process): 11M, peak: 11M
current process commit charge ("private bytes"): 70M, peak: 261M

vm_info: Java HotSpot(TM) 64-Bit Server VM (13.0.2+8) for windows-amd64 JRE (13.0.2+8), built on Dec 11 2019 09:20:33 by "mach5one" with unknown MS VC++:1916

END.
